<?xml version="1.0" encoding="UTF-8"?>
<testsuite xmlns:xsi="http://www.w3.org/2001/XMLSchema-instance" xsi:noNamespaceSchemaLocation="https://maven.apache.org/surefire/maven-surefire-plugin/xsd/surefire-test-report-3.0.xsd" version="3.0" name="com.example.GraphTest" time="0.006" tests="3" errors="0" skipped="0" failures="0">
  <properties>
    <property name="java.specification.version" value="23"/>
    <property name="maven.user.extensions" value="C:\Users\Utilizador/.m2/extensions.xml"/>
    <property name="sun.cpu.isalist" value="amd64"/>
    <property name="sun.jnu.encoding" value="Cp1252"/>
    <property name="java.class.path" value="D:\ProjEngSoft\target\test-classes;D:\ProjEngSoft\target\classes;C:\Users\Utilizador\.m2\repository\org\junit\jupiter\junit-jupiter-api\5.9.1\junit-jupiter-api-5.9.1.jar;C:\Users\Utilizador\.m2\repository\org\opentest4j\opentest4j\1.2.0\opentest4j-1.2.0.jar;C:\Users\Utilizador\.m2\repository\org\junit\platform\junit-platform-commons\1.9.1\junit-platform-commons-1.9.1.jar;C:\Users\Utilizador\.m2\repository\org\apiguardian\apiguardian-api\1.1.2\apiguardian-api-1.1.2.jar;C:\Users\Utilizador\.m2\repository\org\junit\jupiter\junit-jupiter-engine\5.9.1\junit-jupiter-engine-5.9.1.jar;C:\Users\Utilizador\.m2\repository\org\junit\platform\junit-platform-engine\1.9.1\junit-platform-engine-1.9.1.jar;C:\Users\Utilizador\.m2\repository\org\apache\commons\commons-csv\1.8\commons-csv-1.8.jar;C:\Users\Utilizador\.m2\repository\org\jgrapht\jgrapht-core\1.5.2\jgrapht-core-1.5.2.jar;C:\Users\Utilizador\.m2\repository\org\jheaps\jheaps\0.14\jheaps-0.14.jar;C:\Users\Utilizador\.m2\repository\org\apfloat\apfloat\1.10.1\apfloat-1.10.1.jar;C:\Users\Utilizador\.m2\repository\org\locationtech\jts\jts-core\1.18.0\jts-core-1.18.0.jar;C:\Users\Utilizador\.m2\repository\org\openjfx\javafx-controls\22\javafx-controls-22.jar;C:\Users\Utilizador\.m2\repository\org\openjfx\javafx-controls\22\javafx-controls-22-win.jar;C:\Users\Utilizador\.m2\repository\org\openjfx\javafx-fxml\22\javafx-fxml-22.jar;C:\Users\Utilizador\.m2\repository\org\openjfx\javafx-fxml\22\javafx-fxml-22-win.jar;C:\Users\Utilizador\.m2\repository\org\openjfx\javafx-graphics\22\javafx-graphics-22.jar;C:\Users\Utilizador\.m2\repository\org\openjfx\javafx-graphics\22\javafx-graphics-22-win.jar;C:\Users\Utilizador\.m2\repository\org\openjfx\javafx-base\22\javafx-base-22.jar;C:\Users\Utilizador\.m2\repository\org\openjfx\javafx-base\22\javafx-base-22-win.jar;C:\Users\Utilizador\.m2\repository\org\testfx\testfx-core\4.0.16-alpha\testfx-core-4.0.16-alpha.jar;C:\Users\Utilizador\.m2\repository\org\hamcrest\hamcrest-core\1.3\hamcrest-core-1.3.jar;C:\Users\Utilizador\.m2\repository\org\assertj\assertj-core\3.13.2\assertj-core-3.13.2.jar;C:\Users\Utilizador\.m2\repository\org\testfx\testfx-junit5\4.0.16-alpha\testfx-junit5-4.0.16-alpha.jar;"/>
    <property name="java.vm.vendor" value="Oracle Corporation"/>
    <property name="sun.arch.data.model" value="64"/>
    <property name="user.variant" value=""/>
    <property name="maven.user.toolchains" value="C:\Users\Utilizador/.m2/toolchains.xml"/>
    <property name="java.vendor.url" value="https://java.oracle.com/"/>
    <property name="user.timezone" value="Europe/Lisbon"/>
    <property name="os.name" value="Windows 11"/>
    <property name="java.vm.specification.version" value="23"/>
    <property name="maven.repo.central" value="https://repo.maven.apache.org/maven2"/>
    <property name="sun.java.launcher" value="SUN_STANDARD"/>
    <property name="user.country" value="PT"/>
    <property name="sun.boot.library.path" value="C:\Program Files\Java\jdk-23\bin"/>
    <property name="sun.java.command" value="C:\Users\Utilizador\AppData\Local\Temp\surefire8541737920934004870\surefirebooter-20241207234542284_3.jar C:\Users\Utilizador\AppData\Local\Temp\surefire8541737920934004870 2024-12-07T23-45-42_207-jvmRun1 surefire-20241207234542284_1tmp surefire_0-20241207234542284_2tmp"/>
    <property name="maven.project.settings" value="${session.rootDirectory}/.mvn/settings.xml"/>
    <property name="jdk.debug" value="release"/>
    <property name="surefire.test.class.path" value="D:\ProjEngSoft\target\test-classes;D:\ProjEngSoft\target\classes;C:\Users\Utilizador\.m2\repository\org\junit\jupiter\junit-jupiter-api\5.9.1\junit-jupiter-api-5.9.1.jar;C:\Users\Utilizador\.m2\repository\org\opentest4j\opentest4j\1.2.0\opentest4j-1.2.0.jar;C:\Users\Utilizador\.m2\repository\org\junit\platform\junit-platform-commons\1.9.1\junit-platform-commons-1.9.1.jar;C:\Users\Utilizador\.m2\repository\org\apiguardian\apiguardian-api\1.1.2\apiguardian-api-1.1.2.jar;C:\Users\Utilizador\.m2\repository\org\junit\jupiter\junit-jupiter-engine\5.9.1\junit-jupiter-engine-5.9.1.jar;C:\Users\Utilizador\.m2\repository\org\junit\platform\junit-platform-engine\1.9.1\junit-platform-engine-1.9.1.jar;C:\Users\Utilizador\.m2\repository\org\apache\commons\commons-csv\1.8\commons-csv-1.8.jar;C:\Users\Utilizador\.m2\repository\org\jgrapht\jgrapht-core\1.5.2\jgrapht-core-1.5.2.jar;C:\Users\Utilizador\.m2\repository\org\jheaps\jheaps\0.14\jheaps-0.14.jar;C:\Users\Utilizador\.m2\repository\org\apfloat\apfloat\1.10.1\apfloat-1.10.1.jar;C:\Users\Utilizador\.m2\repository\org\locationtech\jts\jts-core\1.18.0\jts-core-1.18.0.jar;C:\Users\Utilizador\.m2\repository\org\openjfx\javafx-controls\22\javafx-controls-22.jar;C:\Users\Utilizador\.m2\repository\org\openjfx\javafx-controls\22\javafx-controls-22-win.jar;C:\Users\Utilizador\.m2\repository\org\openjfx\javafx-fxml\22\javafx-fxml-22.jar;C:\Users\Utilizador\.m2\repository\org\openjfx\javafx-fxml\22\javafx-fxml-22-win.jar;C:\Users\Utilizador\.m2\repository\org\openjfx\javafx-graphics\22\javafx-graphics-22.jar;C:\Users\Utilizador\.m2\repository\org\openjfx\javafx-graphics\22\javafx-graphics-22-win.jar;C:\Users\Utilizador\.m2\repository\org\openjfx\javafx-base\22\javafx-base-22.jar;C:\Users\Utilizador\.m2\repository\org\openjfx\javafx-base\22\javafx-base-22-win.jar;C:\Users\Utilizador\.m2\repository\org\testfx\testfx-core\4.0.16-alpha\testfx-core-4.0.16-alpha.jar;C:\Users\Utilizador\.m2\repository\org\hamcrest\hamcrest-core\1.3\hamcrest-core-1.3.jar;C:\Users\Utilizador\.m2\repository\org\assertj\assertj-core\3.13.2\assertj-core-3.13.2.jar;C:\Users\Utilizador\.m2\repository\org\testfx\testfx-junit5\4.0.16-alpha\testfx-junit5-4.0.16-alpha.jar;"/>
    <property name="sun.cpu.endian" value="little"/>
    <property name="user.home" value="C:\Users\Utilizador"/>
    <property name="user.language" value="pt"/>
    <property name="java.specification.vendor" value="Oracle Corporation"/>
    <property name="java.version.date" value="2024-10-15"/>
    <property name="java.home" value="C:\Program Files\Java\jdk-23"/>
    <property name="maven.user.conf" value="C:\Users\Utilizador/.m2"/>
    <property name="file.separator" value="\"/>
    <property name="basedir" value="D:\ProjEngSoft"/>
    <property name="java.vm.compressedOopsMode" value="Zero based"/>
    <property name="line.separator" value="&#10;"/>
    <property name="java.vm.specification.vendor" value="Oracle Corporation"/>
    <property name="java.specification.name" value="Java Platform API Specification"/>
    <property name="maven.project.conf" value="${session.rootDirectory}/.mvn"/>
    <property name="surefire.real.class.path" value="C:\Users\Utilizador\AppData\Local\Temp\surefire8541737920934004870\surefirebooter-20241207234542284_3.jar"/>
    <property name="user.script" value=""/>
    <property name="sun.management.compiler" value="HotSpot 64-Bit Tiered Compilers"/>
    <property name="java.runtime.version" value="23.0.1+11-39"/>
    <property name="user.name" value="Utilizador"/>
    <property name="stdout.encoding" value="Cp1252"/>
    <property name="maven.installation.conf" value="C:\Users\Utilizador\Downloads\apache-maven-4.0.0-beta-5-bin\apache-maven-4.0.0-beta-5/conf"/>
    <property name="path.separator" value=";"/>
    <property name="os.version" value="10.0"/>
    <property name="java.runtime.name" value="Java(TM) SE Runtime Environment"/>
    <property name="file.encoding" value="UTF-8"/>
    <property name="maven.installation.toolchains" value="C:\Users\Utilizador\Downloads\apache-maven-4.0.0-beta-5-bin\apache-maven-4.0.0-beta-5/conf/toolchains.xml"/>
    <property name="java.vm.name" value="Java HotSpot(TM) 64-Bit Server VM"/>
    <property name="localRepository" value="C:\Users\Utilizador\.m2\repository"/>
    <property name="maven.project.extensions" value="${session.rootDirectory}/.mvn/extensions.xml"/>
    <property name="java.vendor.url.bug" value="https://bugreport.java.com/bugreport/"/>
    <property name="java.io.tmpdir" value="C:\Users\UTILIZ~1\AppData\Local\Temp\"/>
    <property name="maven.installation.extensions" value="C:\Users\Utilizador\Downloads\apache-maven-4.0.0-beta-5-bin\apache-maven-4.0.0-beta-5/conf/extensions.xml"/>
    <property name="java.version" value="23.0.1"/>
    <property name="user.dir" value="D:\ProjEngSoft"/>
    <property name="os.arch" value="amd64"/>
    <property name="java.vm.specification.name" value="Java Virtual Machine Specification"/>
    <property name="sun.os.patch.level" value=""/>
    <property name="native.encoding" value="Cp1252"/>
    <property name="java.library.path" value="C:\Program Files\Java\jdk-23\bin;C:\WINDOWS\Sun\Java\bin;C:\WINDOWS\system32;C:\WINDOWS;C:\Users\Utilizador\bin;C:\Program Files\Git\mingw64\bin;C:\Program Files\Git\usr\local\bin;C:\Program Files\Git\usr\bin;C:\Program Files\Git\usr\bin;C:\Program Files\Git\mingw64\bin;C:\Program Files\Git\usr\bin;C:\Users\Utilizador\bin;C:\Program Files\Common Files\Oracle\Java\javapath;C:\Program Files\Eclipse Adoptium\jdk-21.0.5.11-hotspot\bin;C:\Users\Utilizador\Downloads\apache-maven-4.0.0-beta-5-bin\apache-maven-4.0.0-beta-5\bin;C:\Program Files (x86)\NVIDIA Corporation\PhysX\Common;C:\WINDOWS\system32;C:\WINDOWS;C:\WINDOWS\System32\Wbem;C:\WINDOWS\System32\WindowsPowerShell\v1.0;C:\WINDOWS\System32\OpenSSH;C:\Program Files\Microsoft VS Code\bin;C:\Program Files (x86)\QuickTime\QTSystem;C:\Program Files\Git\cmd;C:\Program Files\Docker\Docker\resources\bin;C:\Users\Utilizador\AppData\Local\Programs\Eclipse Adoptium\jdk-17.0.11.9-hotspot\bin;C:\Users\Utilizador\AppData\Local\Microsoft\WindowsApps;C:\Program Files\JetBrains\IntelliJ IDEA 2024.3\bin;C:\Program Files\Git\usr\bin\vendor_perl;C:\Program Files\Git\usr\bin\core_perl;."/>
    <property name="java.vm.info" value="mixed mode, sharing"/>
    <property name="stderr.encoding" value="Cp1252"/>
    <property name="java.vendor" value="Oracle Corporation"/>
    <property name="java.vm.version" value="23.0.1+11-39"/>
    <property name="maven.installation.settings" value="C:\Users\Utilizador\Downloads\apache-maven-4.0.0-beta-5-bin\apache-maven-4.0.0-beta-5/conf/settings.xml"/>
    <property name="sun.io.unicode.encoding" value="UnicodeLittle"/>
    <property name="maven.user.settings" value="C:\Users\Utilizador/.m2/settings.xml"/>
    <property name="java.class.version" value="67.0"/>
  </properties>
  <testcase name="testNoEdgeBetweenNonAdjacentProperties" classname="com.example.GraphTest" time="0.003"/>
  <testcase name="testAddProperty" classname="com.example.GraphTest" time="0.0"/>
  <testcase name="testAddEdgeBetweenAdjacentProperties" classname="com.example.GraphTest" time="0.0"/>
</testsuite>